11-22 01:07:15 com_github_MitjaNemec_PlaceFootprints.action_place_footprints 641:Plugin executed on: 'win32'
11-22 01:07:15 com_github_MitjaNemec_PlaceFootprints.action_place_footprints 642:Plugin executed with python version: '3.9.16 (main, May 18 2023, 07:48:16) [MSC v.1936 64 bit (AMD64)]'
11-22 01:07:15 com_github_MitjaNemec_PlaceFootprints.action_place_footprints 643:KiCad build version: 7.0.6
11-22 01:07:15 com_github_MitjaNemec_PlaceFootprints.action_place_footprints 644:Plugin version: 2.1.2
11-22 01:07:15 com_github_MitjaNemec_PlaceFootprints.action_place_footprints 645:Frame repr: <wx._core.Frame object at 0x000001E730495EE0>
11-22 01:07:15 com_github_MitjaNemec_PlaceFootprints.place_footprints 121:getting a list of all footprints on board
11-22 01:07:15 com_github_MitjaNemec_PlaceFootprints.place_footprints 156:Footprint TP24 on root level
11-22 01:07:15 com_github_MitjaNemec_PlaceFootprints.place_footprints 156:Footprint TP23 on root level
11-22 01:07:15 com_github_MitjaNemec_PlaceFootprints.place_footprints 156:Footprint TP7 on root level
11-22 01:07:15 com_github_MitjaNemec_PlaceFootprints.place_footprints 156:Footprint TP10 on root level
11-22 01:07:15 com_github_MitjaNemec_PlaceFootprints.place_footprints 156:Footprint TP9 on root level
11-22 01:07:15 com_github_MitjaNemec_PlaceFootprints.place_footprints 156:Footprint TP8 on root level
11-22 01:07:15 com_github_MitjaNemec_PlaceFootprints.place_footprints 156:Footprint TP6 on root level
11-22 01:07:15 com_github_MitjaNemec_PlaceFootprints.place_footprints 156:Footprint TP5 on root level
11-22 01:07:15 com_github_MitjaNemec_PlaceFootprints.place_footprints 156:Footprint TP4 on root level
11-22 01:07:15 com_github_MitjaNemec_PlaceFootprints.place_footprints 156:Footprint TP3 on root level
11-22 01:07:15 com_github_MitjaNemec_PlaceFootprints.place_footprints 156:Footprint J13 on root level
11-22 01:07:15 com_github_MitjaNemec_PlaceFootprints.place_footprints 156:Footprint SCL on root level
11-22 01:07:15 com_github_MitjaNemec_PlaceFootprints.place_footprints 156:Footprint JP13 on root level
11-22 01:07:15 com_github_MitjaNemec_PlaceFootprints.place_footprints 156:Footprint TP1 on root level
11-22 01:07:15 com_github_MitjaNemec_PlaceFootprints.place_footprints 140:Footprint REF** does not have Sheetfile property, it will not be considered for placement. Most likely it is only in layout
11-22 01:07:15 com_github_MitjaNemec_PlaceFootprints.place_footprints 156:Footprint GND on root level
11-22 01:07:15 com_github_MitjaNemec_PlaceFootprints.place_footprints 156:Footprint GND on root level
11-22 01:07:15 com_github_MitjaNemec_PlaceFootprints.place_footprints 156:Footprint U50 on root level
11-22 01:07:15 com_github_MitjaNemec_PlaceFootprints.place_footprints 156:Footprint H4 on root level
11-22 01:07:15 com_github_MitjaNemec_PlaceFootprints.place_footprints 140:Footprint REF** does not have Sheetfile property, it will not be considered for placement. Most likely it is only in layout
11-22 01:07:15 com_github_MitjaNemec_PlaceFootprints.place_footprints 156:Footprint GND on root level
11-22 01:07:15 com_github_MitjaNemec_PlaceFootprints.place_footprints 140:Footprint REF** does not have Sheetfile property, it will not be considered for placement. Most likely it is only in layout
11-22 01:07:15 com_github_MitjaNemec_PlaceFootprints.place_footprints 156:Footprint GND on root level
11-22 01:07:15 com_github_MitjaNemec_PlaceFootprints.place_footprints 156:Footprint GND on root level
11-22 01:07:15 com_github_MitjaNemec_PlaceFootprints.place_footprints 140:Footprint REF** does not have Sheetfile property, it will not be considered for placement. Most likely it is only in layout
11-22 01:07:15 com_github_MitjaNemec_PlaceFootprints.place_footprints 140:Footprint REF** does not have Sheetfile property, it will not be considered for placement. Most likely it is only in layout
11-22 01:07:15 com_github_MitjaNemec_PlaceFootprints.place_footprints 140:Footprint REF** does not have Sheetfile property, it will not be considered for placement. Most likely it is only in layout
11-22 01:07:15 com_github_MitjaNemec_PlaceFootprints.place_footprints 156:Footprint GND on root level
11-22 01:07:15 com_github_MitjaNemec_PlaceFootprints.place_footprints 156:Footprint GND on root level
11-22 01:07:15 com_github_MitjaNemec_PlaceFootprints.place_footprints 140:Footprint REF** does not have Sheetfile property, it will not be considered for placement. Most likely it is only in layout
11-22 01:07:15 com_github_MitjaNemec_PlaceFootprints.place_footprints 140:Footprint REF** does not have Sheetfile property, it will not be considered for placement. Most likely it is only in layout
11-22 01:07:15 com_github_MitjaNemec_PlaceFootprints.place_footprints 140:Footprint REF** does not have Sheetfile property, it will not be considered for placement. Most likely it is only in layout
11-22 01:07:15 com_github_MitjaNemec_PlaceFootprints.place_footprints 156:Footprint H2 on root level
11-22 01:07:15 com_github_MitjaNemec_PlaceFootprints.place_footprints 140:Footprint REF** does not have Sheetfile property, it will not be considered for placement. Most likely it is only in layout
11-22 01:07:15 com_github_MitjaNemec_PlaceFootprints.place_footprints 140:Footprint REF** does not have Sheetfile property, it will not be considered for placement. Most likely it is only in layout
11-22 01:07:15 com_github_MitjaNemec_PlaceFootprints.place_footprints 140:Footprint REF** does not have Sheetfile property, it will not be considered for placement. Most likely it is only in layout
11-22 01:07:15 com_github_MitjaNemec_PlaceFootprints.place_footprints 156:Footprint JP12 on root level
11-22 01:07:15 com_github_MitjaNemec_PlaceFootprints.place_footprints 156:Footprint GND on root level
11-22 01:07:15 com_github_MitjaNemec_PlaceFootprints.place_footprints 140:Footprint REF** does not have Sheetfile property, it will not be considered for placement. Most likely it is only in layout
11-22 01:07:15 com_github_MitjaNemec_PlaceFootprints.place_footprints 140:Footprint REF** does not have Sheetfile property, it will not be considered for placement. Most likely it is only in layout
11-22 01:07:15 com_github_MitjaNemec_PlaceFootprints.place_footprints 156:Footprint GND on root level
11-22 01:07:15 com_github_MitjaNemec_PlaceFootprints.place_footprints 156:Footprint JP14 on root level
11-22 01:07:15 com_github_MitjaNemec_PlaceFootprints.place_footprints 156:Footprint H3 on root level
11-22 01:07:15 com_github_MitjaNemec_PlaceFootprints.place_footprints 140:Footprint REF** does not have Sheetfile property, it will not be considered for placement. Most likely it is only in layout
11-22 01:07:15 com_github_MitjaNemec_PlaceFootprints.place_footprints 156:Footprint J9 on root level
11-22 01:07:15 com_github_MitjaNemec_PlaceFootprints.place_footprints 156:Footprint SDA on root level
11-22 01:07:15 com_github_MitjaNemec_PlaceFootprints.place_footprints 156:Footprint C48 on root level
11-22 01:07:15 com_github_MitjaNemec_PlaceFootprints.place_footprints 156:Footprint GND on root level
11-22 01:07:15 com_github_MitjaNemec_PlaceFootprints.place_footprints 156:Footprint H1 on root level
11-22 01:07:15 com_github_MitjaNemec_PlaceFootprints.place_footprints 140:Footprint REF** does not have Sheetfile property, it will not be considered for placement. Most likely it is only in layout
11-22 01:07:16 com_github_MitjaNemec_PlaceFootprints.action_place_footprints 824:Reference designator is: TP
11-22 01:07:16 com_github_MitjaNemec_PlaceFootprints.action_place_footprints 825:Reference number is: 3
11-22 01:07:16 com_github_MitjaNemec_PlaceFootprints.action_place_footprints 857:Sorted and filtered list:
['TP1', 'TP2', 'TP3', 'TP4', 'TP5', 'TP6', 'TP7', 'TP8', 'TP9', 'TP10', 'TP11', 'TP12', 'TP13', 'TP14', 'TP15', 'TP16', 'TP17', 'TP18', 'TP19', 'TP20']
11-22 01:07:16 com_github_MitjaNemec_PlaceFootprints.action_place_footprints 358:wx.Colour(240, 240, 240, 255)
11-22 01:07:25 com_github_MitjaNemec_PlaceFootprints.action_place_footprints 489:'4.5'
11-22 01:07:25 com_github_MitjaNemec_PlaceFootprints.action_place_footprints 895:Footprints to place:
['TP3', 'TP4', 'TP5', 'TP6', 'TP7', 'TP8', 'TP9', 'TP10']
11-22 01:07:25 com_github_MitjaNemec_PlaceFootprints.place_footprints 398:Starting placing with matrix layout
11-22 01:07:25 com_github_MitjaNemec_PlaceFootprints.action_place_footprints 965:Placing complete
