11-21 10:18:21 com_github_MitjaNemec_PlaceFootprints.action_place_footprints 641:Plugin executed on: 'win32'
11-21 10:18:21 com_github_MitjaNemec_PlaceFootprints.action_place_footprints 642:Plugin executed with python version: '3.9.16 (main, May 18 2023, 07:48:16) [MSC v.1936 64 bit (AMD64)]'
11-21 10:18:21 com_github_MitjaNemec_PlaceFootprints.action_place_footprints 643:KiCad build version: 7.0.6
11-21 10:18:21 com_github_MitjaNemec_PlaceFootprints.action_place_footprints 644:Plugin version: 2.1.2
11-21 10:18:21 com_github_MitjaNemec_PlaceFootprints.action_place_footprints 645:Frame repr: <wx._core.Frame object at 0x000002119484A940>
11-21 10:18:21 com_github_MitjaNemec_PlaceFootprints.place_footprints 121:getting a list of all footprints on board
11-21 10:18:21 com_github_MitjaNemec_PlaceFootprints.place_footprints 140:Footprint mouse-bite-2mm-slot does not have Sheetfile property, it will not be considered for placement. Most likely it is only in layout
11-21 10:18:21 com_github_MitjaNemec_PlaceFootprints.place_footprints 140:Footprint mouse-bite-2mm-slot does not have Sheetfile property, it will not be considered for placement. Most likely it is only in layout
11-21 10:18:21 com_github_MitjaNemec_PlaceFootprints.place_footprints 140:Footprint mouse-bite-2mm-slot does not have Sheetfile property, it will not be considered for placement. Most likely it is only in layout
11-21 10:18:21 com_github_MitjaNemec_PlaceFootprints.place_footprints 140:Footprint mouse-bite-2mm-slot does not have Sheetfile property, it will not be considered for placement. Most likely it is only in layout
11-21 10:18:21 com_github_MitjaNemec_PlaceFootprints.place_footprints 140:Footprint mouse-bite-2mm-slot does not have Sheetfile property, it will not be considered for placement. Most likely it is only in layout
11-21 10:18:21 com_github_MitjaNemec_PlaceFootprints.place_footprints 156:Footprint R6 on root level
11-21 10:18:21 com_github_MitjaNemec_PlaceFootprints.place_footprints 156:Footprint C49 on root level
11-21 10:18:21 com_github_MitjaNemec_PlaceFootprints.place_footprints 156:Footprint R47 on root level
11-21 10:18:21 com_github_MitjaNemec_PlaceFootprints.place_footprints 156:Footprint R86 on root level
11-21 10:18:21 com_github_MitjaNemec_PlaceFootprints.place_footprints 156:Footprint R59 on root level
11-21 10:18:21 com_github_MitjaNemec_PlaceFootprints.place_footprints 156:Footprint C43 on root level
11-21 10:18:21 com_github_MitjaNemec_PlaceFootprints.place_footprints 156:Footprint R94 on root level
11-21 10:18:21 com_github_MitjaNemec_PlaceFootprints.place_footprints 156:Footprint C28 on root level
11-21 10:18:21 com_github_MitjaNemec_PlaceFootprints.place_footprints 156:Footprint R40 on root level
11-21 10:18:21 com_github_MitjaNemec_PlaceFootprints.place_footprints 156:Footprint R26 on root level
11-21 10:18:21 com_github_MitjaNemec_PlaceFootprints.place_footprints 156:Footprint C41 on root level
11-21 10:18:21 com_github_MitjaNemec_PlaceFootprints.place_footprints 156:Footprint R1 on root level
11-21 10:18:21 com_github_MitjaNemec_PlaceFootprints.place_footprints 156:Footprint R14 on root level
11-21 10:18:21 com_github_MitjaNemec_PlaceFootprints.place_footprints 156:Footprint C24 on root level
11-21 10:18:21 com_github_MitjaNemec_PlaceFootprints.place_footprints 156:Footprint R93 on root level
11-21 10:18:21 com_github_MitjaNemec_PlaceFootprints.place_footprints 156:Footprint C35 on root level
11-21 10:18:21 com_github_MitjaNemec_PlaceFootprints.place_footprints 156:Footprint R5 on root level
11-21 10:18:21 com_github_MitjaNemec_PlaceFootprints.place_footprints 156:Footprint R60 on root level
11-21 10:18:21 com_github_MitjaNemec_PlaceFootprints.place_footprints 156:Footprint R98 on root level
11-21 10:18:21 com_github_MitjaNemec_PlaceFootprints.place_footprints 156:Footprint R25 on root level
11-21 10:18:21 com_github_MitjaNemec_PlaceFootprints.place_footprints 156:Footprint R22 on root level
11-21 10:18:21 com_github_MitjaNemec_PlaceFootprints.place_footprints 156:Footprint C5 on root level
11-21 10:18:21 com_github_MitjaNemec_PlaceFootprints.place_footprints 156:Footprint C7 on root level
11-21 10:18:21 com_github_MitjaNemec_PlaceFootprints.place_footprints 156:Footprint R64 on root level
11-21 10:18:21 com_github_MitjaNemec_PlaceFootprints.place_footprints 156:Footprint R73 on root level
11-21 10:18:21 com_github_MitjaNemec_PlaceFootprints.place_footprints 156:Footprint C17 on root level
11-21 10:18:21 com_github_MitjaNemec_PlaceFootprints.place_footprints 156:Footprint R90 on root level
11-21 10:18:21 com_github_MitjaNemec_PlaceFootprints.place_footprints 156:Footprint R35 on root level
11-21 10:18:21 com_github_MitjaNemec_PlaceFootprints.place_footprints 156:Footprint C18 on root level
11-21 10:18:21 com_github_MitjaNemec_PlaceFootprints.place_footprints 156:Footprint J2 on root level
11-21 10:18:21 com_github_MitjaNemec_PlaceFootprints.place_footprints 156:Footprint R44 on root level
11-21 10:18:21 com_github_MitjaNemec_PlaceFootprints.place_footprints 156:Footprint C1 on root level
11-21 10:18:21 com_github_MitjaNemec_PlaceFootprints.place_footprints 156:Footprint R101 on root level
11-21 10:18:21 com_github_MitjaNemec_PlaceFootprints.place_footprints 156:Footprint C11 on root level
11-21 10:18:21 com_github_MitjaNemec_PlaceFootprints.place_footprints 156:Footprint R68 on root level
11-21 10:18:21 com_github_MitjaNemec_PlaceFootprints.place_footprints 156:Footprint R17 on root level
11-21 10:18:21 com_github_MitjaNemec_PlaceFootprints.place_footprints 156:Footprint C13 on root level
11-21 10:18:21 com_github_MitjaNemec_PlaceFootprints.place_footprints 156:Footprint R51 on root level
11-21 10:18:21 com_github_MitjaNemec_PlaceFootprints.place_footprints 156:Footprint R78 on root level
11-21 10:18:21 com_github_MitjaNemec_PlaceFootprints.place_footprints 156:Footprint J3 on root level
11-21 10:18:21 com_github_MitjaNemec_PlaceFootprints.place_footprints 156:Footprint R77 on root level
11-21 10:18:21 com_github_MitjaNemec_PlaceFootprints.place_footprints 156:Footprint C47 on root level
11-21 10:18:21 com_github_MitjaNemec_PlaceFootprints.place_footprints 156:Footprint C45 on root level
11-21 10:18:21 com_github_MitjaNemec_PlaceFootprints.place_footprints 156:Footprint C22 on root level
11-21 10:18:21 com_github_MitjaNemec_PlaceFootprints.place_footprints 156:Footprint R36 on root level
11-21 10:18:21 com_github_MitjaNemec_PlaceFootprints.place_footprints 156:Footprint R69 on root level
11-21 10:18:21 com_github_MitjaNemec_PlaceFootprints.place_footprints 156:Footprint R97 on root level
11-21 10:18:21 com_github_MitjaNemec_PlaceFootprints.place_footprints 156:Footprint R56 on root level
11-21 10:18:21 com_github_MitjaNemec_PlaceFootprints.place_footprints 156:Footprint R43 on root level
11-21 10:18:21 com_github_MitjaNemec_PlaceFootprints.place_footprints 156:Footprint C30 on root level
11-21 10:18:21 com_github_MitjaNemec_PlaceFootprints.place_footprints 156:Footprint C32 on root level
11-21 10:18:21 com_github_MitjaNemec_PlaceFootprints.place_footprints 156:Footprint R82 on root level
11-21 10:18:21 com_github_MitjaNemec_PlaceFootprints.place_footprints 156:Footprint C20 on root level
11-21 10:18:21 com_github_MitjaNemec_PlaceFootprints.place_footprints 156:Footprint C34 on root level
11-21 10:18:21 com_github_MitjaNemec_PlaceFootprints.place_footprints 156:Footprint C39 on root level
11-21 10:18:21 com_github_MitjaNemec_PlaceFootprints.place_footprints 156:Footprint C37 on root level
11-21 10:18:21 com_github_MitjaNemec_PlaceFootprints.place_footprints 156:Footprint R9 on root level
11-21 10:18:21 com_github_MitjaNemec_PlaceFootprints.place_footprints 156:Footprint R21 on root level
11-21 10:18:21 com_github_MitjaNemec_PlaceFootprints.place_footprints 156:Footprint R33 on root level
11-21 10:18:21 com_github_MitjaNemec_PlaceFootprints.place_footprints 156:Footprint R67 on root level
11-21 10:18:21 com_github_MitjaNemec_PlaceFootprints.place_footprints 156:Footprint R85 on root level
11-21 10:18:21 com_github_MitjaNemec_PlaceFootprints.place_footprints 156:Footprint R39 on root level
11-21 10:18:21 com_github_MitjaNemec_PlaceFootprints.place_footprints 156:Footprint C26 on root level
11-21 10:18:21 com_github_MitjaNemec_PlaceFootprints.place_footprints 156:Footprint R10 on root level
11-21 10:18:21 com_github_MitjaNemec_PlaceFootprints.place_footprints 156:Footprint J7 on root level
11-21 10:18:21 com_github_MitjaNemec_PlaceFootprints.place_footprints 156:Footprint R18 on root level
11-21 10:18:21 com_github_MitjaNemec_PlaceFootprints.place_footprints 156:Footprint R52 on root level
11-21 10:18:21 com_github_MitjaNemec_PlaceFootprints.place_footprints 156:Footprint R89 on root level
11-21 10:18:21 com_github_MitjaNemec_PlaceFootprints.place_footprints 156:Footprint R74 on root level
11-21 10:18:21 com_github_MitjaNemec_PlaceFootprints.place_footprints 156:Footprint C15 on root level
11-21 10:18:21 com_github_MitjaNemec_PlaceFootprints.place_footprints 156:Footprint C51 on root level
11-21 10:18:21 com_github_MitjaNemec_PlaceFootprints.place_footprints 156:Footprint R63 on root level
11-21 10:18:21 com_github_MitjaNemec_PlaceFootprints.place_footprints 156:Footprint R81 on root level
11-21 10:18:21 com_github_MitjaNemec_PlaceFootprints.place_footprints 156:Footprint R2 on root level
11-21 10:18:21 com_github_MitjaNemec_PlaceFootprints.place_footprints 156:Footprint R48 on root level
11-21 10:18:21 com_github_MitjaNemec_PlaceFootprints.place_footprints 156:Footprint J4 on root level
11-21 10:18:21 com_github_MitjaNemec_PlaceFootprints.place_footprints 156:Footprint R30 on root level
11-21 10:18:21 com_github_MitjaNemec_PlaceFootprints.place_footprints 156:Footprint R55 on root level
11-21 10:18:21 com_github_MitjaNemec_PlaceFootprints.place_footprints 156:Footprint R70 on root level
11-21 10:18:21 com_github_MitjaNemec_PlaceFootprints.place_footprints 156:Footprint C3 on root level
11-21 10:18:21 com_github_MitjaNemec_PlaceFootprints.place_footprints 156:Footprint C9 on root level
11-21 10:18:21 com_github_MitjaNemec_PlaceFootprints.place_footprints 156:Footprint R34 on root level
11-21 10:18:21 com_github_MitjaNemec_PlaceFootprints.place_footprints 156:Footprint R29 on root level
11-21 10:18:21 com_github_MitjaNemec_PlaceFootprints.place_footprints 156:Footprint R102 on root level
11-21 10:18:21 com_github_MitjaNemec_PlaceFootprints.place_footprints 156:Footprint R13 on root level
11-21 10:18:21 com_github_MitjaNemec_PlaceFootprints.place_footprints 156:Footprint C12 on root level
11-21 10:18:21 com_github_MitjaNemec_PlaceFootprints.place_footprints 156:Footprint C29 on root level
11-21 10:18:21 com_github_MitjaNemec_PlaceFootprints.place_footprints 156:Footprint R76 on root level
11-21 10:18:21 com_github_MitjaNemec_PlaceFootprints.place_footprints 156:Footprint R32 on root level
11-21 10:18:21 com_github_MitjaNemec_PlaceFootprints.place_footprints 156:Footprint C10 on root level
11-21 10:18:21 com_github_MitjaNemec_PlaceFootprints.place_footprints 156:Footprint R24 on root level
11-21 10:18:21 com_github_MitjaNemec_PlaceFootprints.place_footprints 156:Footprint R58 on root level
11-21 10:18:21 com_github_MitjaNemec_PlaceFootprints.place_footprints 156:Footprint C25 on root level
11-21 10:18:21 com_github_MitjaNemec_PlaceFootprints.place_footprints 156:Footprint R87 on root level
11-21 10:18:21 com_github_MitjaNemec_PlaceFootprints.place_footprints 156:Footprint R91 on root level
11-21 10:18:21 com_github_MitjaNemec_PlaceFootprints.place_footprints 156:Footprint R72 on root level
11-21 10:18:21 com_github_MitjaNemec_PlaceFootprints.place_footprints 156:Footprint C44 on root level
11-21 10:18:21 com_github_MitjaNemec_PlaceFootprints.place_footprints 156:Footprint R95 on root level
11-21 10:18:21 com_github_MitjaNemec_PlaceFootprints.place_footprints 156:Footprint R3 on root level
11-21 10:18:21 com_github_MitjaNemec_PlaceFootprints.place_footprints 156:Footprint C46 on root level
11-21 10:18:21 com_github_MitjaNemec_PlaceFootprints.place_footprints 156:Footprint R50 on root level
11-21 10:18:21 com_github_MitjaNemec_PlaceFootprints.place_footprints 156:Footprint R23 on root level
11-21 10:18:21 com_github_MitjaNemec_PlaceFootprints.place_footprints 156:Footprint C40 on root level
11-21 10:18:21 com_github_MitjaNemec_PlaceFootprints.place_footprints 156:Footprint R57 on root level
11-21 10:18:21 com_github_MitjaNemec_PlaceFootprints.place_footprints 156:Footprint C42 on root level
11-21 10:18:21 com_github_MitjaNemec_PlaceFootprints.place_footprints 156:Footprint J8 on root level
11-21 10:18:21 com_github_MitjaNemec_PlaceFootprints.place_footprints 156:Footprint R66 on root level
11-21 10:18:21 com_github_MitjaNemec_PlaceFootprints.place_footprints 156:Footprint R88 on root level
11-21 10:18:21 com_github_MitjaNemec_PlaceFootprints.place_footprints 156:Footprint C27 on root level
11-21 10:18:21 com_github_MitjaNemec_PlaceFootprints.place_footprints 156:Footprint C50 on root level
11-21 10:18:21 com_github_MitjaNemec_PlaceFootprints.place_footprints 156:Footprint R12 on root level
11-21 10:18:21 com_github_MitjaNemec_PlaceFootprints.place_footprints 156:Footprint R75 on root level
11-21 10:18:21 com_github_MitjaNemec_PlaceFootprints.place_footprints 156:Footprint C21 on root level
11-21 10:18:21 com_github_MitjaNemec_PlaceFootprints.place_footprints 156:Footprint R71 on root level
11-21 10:18:21 com_github_MitjaNemec_PlaceFootprints.place_footprints 156:Footprint R84 on root level
11-21 10:18:21 com_github_MitjaNemec_PlaceFootprints.place_footprints 156:Footprint R79 on root level
11-21 10:18:21 com_github_MitjaNemec_PlaceFootprints.place_footprints 156:Footprint C16 on root level
11-21 10:18:21 com_github_MitjaNemec_PlaceFootprints.place_footprints 156:Footprint C6 on root level
11-21 10:18:21 com_github_MitjaNemec_PlaceFootprints.place_footprints 156:Footprint R80 on root level
11-21 10:18:21 com_github_MitjaNemec_PlaceFootprints.place_footprints 156:Footprint R83 on root level
11-21 10:18:21 com_github_MitjaNemec_PlaceFootprints.place_footprints 156:Footprint R49 on root level
11-21 10:18:21 com_github_MitjaNemec_PlaceFootprints.place_footprints 156:Footprint C4 on root level
11-21 10:18:21 com_github_MitjaNemec_PlaceFootprints.place_footprints 156:Footprint C38 on root level
11-21 10:18:21 com_github_MitjaNemec_PlaceFootprints.place_footprints 156:Footprint R16 on root level
11-21 10:18:21 com_github_MitjaNemec_PlaceFootprints.place_footprints 156:Footprint R20 on root level
11-21 10:18:21 com_github_MitjaNemec_PlaceFootprints.place_footprints 156:Footprint R45 on root level
11-21 10:18:21 com_github_MitjaNemec_PlaceFootprints.place_footprints 156:Footprint R65 on root level
11-21 10:18:21 com_github_MitjaNemec_PlaceFootprints.place_footprints 156:Footprint C48 on root level
11-21 10:18:21 com_github_MitjaNemec_PlaceFootprints.place_footprints 156:Footprint C33 on root level
11-21 10:18:21 com_github_MitjaNemec_PlaceFootprints.place_footprints 156:Footprint R31 on root level
11-21 10:18:21 com_github_MitjaNemec_PlaceFootprints.place_footprints 156:Footprint J1 on root level
11-21 10:18:21 com_github_MitjaNemec_PlaceFootprints.place_footprints 156:Footprint R53 on root level
11-21 10:18:21 com_github_MitjaNemec_PlaceFootprints.place_footprints 156:Footprint C31 on root level
11-21 10:18:21 com_github_MitjaNemec_PlaceFootprints.place_footprints 156:Footprint R38 on root level
11-21 10:18:21 com_github_MitjaNemec_PlaceFootprints.place_footprints 156:Footprint R11 on root level
11-21 10:18:21 com_github_MitjaNemec_PlaceFootprints.place_footprints 156:Footprint C36 on root level
11-21 10:18:21 com_github_MitjaNemec_PlaceFootprints.place_footprints 156:Footprint C8 on root level
11-21 10:18:21 com_github_MitjaNemec_PlaceFootprints.place_footprints 156:Footprint R41 on root level
11-21 10:18:21 com_github_MitjaNemec_PlaceFootprints.place_footprints 156:Footprint R100 on root level
11-21 10:18:21 com_github_MitjaNemec_PlaceFootprints.place_footprints 156:Footprint J6 on root level
11-21 10:18:21 com_github_MitjaNemec_PlaceFootprints.place_footprints 156:Footprint R27 on root level
11-21 10:18:21 com_github_MitjaNemec_PlaceFootprints.place_footprints 156:Footprint R37 on root level
11-21 10:18:21 com_github_MitjaNemec_PlaceFootprints.place_footprints 156:Footprint J5 on root level
11-21 10:18:21 com_github_MitjaNemec_PlaceFootprints.place_footprints 156:Footprint C19 on root level
11-21 10:18:21 com_github_MitjaNemec_PlaceFootprints.place_footprints 156:Footprint R4 on root level
11-21 10:18:21 com_github_MitjaNemec_PlaceFootprints.place_footprints 156:Footprint R42 on root level
11-21 10:18:21 com_github_MitjaNemec_PlaceFootprints.place_footprints 156:Footprint R46 on root level
11-21 10:18:21 com_github_MitjaNemec_PlaceFootprints.place_footprints 156:Footprint R96 on root level
11-21 10:18:21 com_github_MitjaNemec_PlaceFootprints.place_footprints 156:Footprint R7 on root level
11-21 10:18:21 com_github_MitjaNemec_PlaceFootprints.place_footprints 156:Footprint C2 on root level
11-21 10:18:21 com_github_MitjaNemec_PlaceFootprints.place_footprints 156:Footprint R15 on root level
11-21 10:18:21 com_github_MitjaNemec_PlaceFootprints.place_footprints 156:Footprint R54 on root level
11-21 10:18:21 com_github_MitjaNemec_PlaceFootprints.place_footprints 156:Footprint R28 on root level
11-21 10:18:21 com_github_MitjaNemec_PlaceFootprints.place_footprints 156:Footprint R99 on root level
11-21 10:18:21 com_github_MitjaNemec_PlaceFootprints.place_footprints 156:Footprint R92 on root level
11-21 10:18:21 com_github_MitjaNemec_PlaceFootprints.place_footprints 156:Footprint C23 on root level
11-21 10:18:21 com_github_MitjaNemec_PlaceFootprints.place_footprints 156:Footprint R19 on root level
11-21 10:18:21 com_github_MitjaNemec_PlaceFootprints.place_footprints 156:Footprint R61 on root level
11-21 10:18:21 com_github_MitjaNemec_PlaceFootprints.place_footprints 156:Footprint R8 on root level
11-21 10:18:21 com_github_MitjaNemec_PlaceFootprints.place_footprints 156:Footprint R62 on root level
11-21 10:18:21 com_github_MitjaNemec_PlaceFootprints.place_footprints 156:Footprint C14 on root level
11-21 10:18:23 com_github_MitjaNemec_PlaceFootprints.action_place_footprints 824:Reference designator is: mouse-bite-2mm-slot
11-21 10:18:23 com_github_MitjaNemec_PlaceFootprints.action_place_footprints 825:Reference number is: 
